<?xml version="1.0" encoding="UTF-8"?>
<!-- Generated by org.testng.reporters.JUnitReportReporter -->
<testsuite hostname="DESKTOP-9E25G1U" failures="0" tests="1" name="com.tutorialsninja.qa.testCases.TestLogout" time="19.036" errors="0" timestamp="2023-08-03T16:47:15 IST" skipped="0">
  <testcase classname="com.tutorialsninja.qa.testCases.TestLogout" name="verifyLoggingOutFromApplicationLogoutOptionShouldNotDisplayedBeforeLoginToAccountInAccountDrodown" time="19.036"/>
  <system-out/>
</testsuite> <!-- com.tutorialsninja.qa.testCases.TestLogout -->
