<?xml version="1.0" encoding="UTF-8"?>
<!-- Generated by org.testng.reporters.JUnitReportReporter -->
<testsuite hostname="Zuber" failures="0" tests="1" name="com.tutorialsninja.qa.testCases.TestGamil" time="4.894" errors="0" timestamp="2023-05-17T19:45:12 IST" skipped="0">
  <testcase classname="com.tutorialsninja.qa.testCases.TestGamil" name="gmail" time="4.894"/>
  <system-out/>
</testsuite> <!-- com.tutorialsninja.qa.testCases.TestGamil -->
