<?xml version="1.0" encoding="UTF-8"?>
<!-- Generated by org.testng.reporters.JUnitReportReporter -->
<testsuite hostname="DESKTOP-9E25G1U" failures="0" tests="6" name="com.tutorialsninja.qa.testCases.TestAddToCart" time="49.731" errors="0" timestamp="2023-08-02T17:06:43 IST" skipped="0">
  <testcase classname="com.tutorialsninja.qa.testCases.TestAddToCart" name="verifyAddToCartByAddingProductToCartFromProductDisplayPage" time="8.704"/>
  <system-out/>
  <testcase classname="com.tutorialsninja.qa.testCases.TestAddToCart" name="VerifyAddToCartAddingProductFromWishList" time="8.702"/>
  <system-out/>
  <testcase classname="com.tutorialsninja.qa.testCases.TestAddToCart" name="verifyAddToCartAddingProductToCartFromSearchPage" time="7.631"/>
  <system-out/>
  <testcase classname="com.tutorialsninja.qa.testCases.TestAddToCart" name="verifyAddToCartProductToCartFromRelatedProductsSectionOfProductDisplayPage" time="8.522"/>
  <system-out/>
  <testcase classname="com.tutorialsninja.qa.testCases.TestAddToCart" name="verifyAddToCartAddingProductToCartFromTheProductsDisplayedInCategoryOrSubCategory" time="7.863"/>
  <system-out/>
  <testcase classname="com.tutorialsninja.qa.testCases.TestAddToCart" name="verifyAddtoCartByAddingProductToCartFromProductComparisonPage" time="8.309"/>
  <system-out/>
</testsuite> <!-- com.tutorialsninja.qa.testCases.TestAddToCart -->
