<?xml version="1.0" encoding="UTF-8"?>
<!-- Generated by org.testng.reporters.JUnitReportReporter -->
<testsuite hostname="DESKTOP-9E25G1U" failures="0" tests="2" name="com.tutorialsninja.qa.testCases.TestSearch" time="12.936" errors="0" timestamp="2023-08-03T15:07:11 IST" skipped="0">
  <testcase classname="com.tutorialsninja.qa.testCases.TestSearch" name="verifySearchingForProductAfterLoginToApplication" time="7.852"/>
  <system-out/>
  <testcase classname="com.tutorialsninja.qa.testCases.TestSearch" name="verifySearchingWithSearchingCriteria" time="5.084"/>
  <system-out/>
</testsuite> <!-- com.tutorialsninja.qa.testCases.TestSearch -->
