<?xml version="1.0" encoding="UTF-8"?>
<!-- Generated by org.testng.reporters.JUnitReportReporter -->
<testsuite hostname="DESKTOP-9E25G1U" failures="1" tests="25" name="com.tutorialsninja.qa.testCases.TestLogin" time="181.766" errors="2" timestamp="2023-08-02T17:06:42 IST" skipped="8">
  <testcase classname="com.tutorialsninja.qa.testCases.TestLogin" name="initilization" time="11.435">
    <error message="Could not start a new session. Response code 500. Message: session not created
from no such execution context: loader has changed while resolving nodes
  (Session info: MicrosoftEdge=115.0.1901.188) 
Host info: host: &#039;DESKTOP-9E25G1U&#039;, ip: &#039;192.168.1.39&#039;
Build info: version: &#039;4.10.0&#039;, revision: &#039;c14d967899&#039;
System info: os.name: &#039;Windows 10&#039;, os.arch: &#039;amd64&#039;, os.version: &#039;10.0&#039;, java.version: &#039;17.0.5&#039;
Driver info: org.openqa.selenium.edge.EdgeDriver
Command: [null, newSession {capabilities=[Capabilities {browserName: MicrosoftEdge, ms:edgeOptions: {args: [--remote-allow-origins=*], extensions: []}}]}]" type="org.openqa.selenium.SessionNotCreatedException">
      <![CDATA[org.openqa.selenium.SessionNotCreatedException: Could not start a new session. Response code 500. Message: session not created
from no such execution context: loader has changed while resolving nodes
  (Session info: MicrosoftEdge=115.0.1901.188) 
Host info: host: 'DESKTOP-9E25G1U', ip: '192.168.1.39'
Build info: version: '4.10.0', revision: 'c14d967899'
System info: os.name: 'Windows 10', os.arch: 'amd64', os.version: '10.0', java.version: '17.0.5'
Driver info: org.openqa.selenium.edge.EdgeDriver
Command: [null, newSession {capabilities=[Capabilities {browserName: MicrosoftEdge, ms:edgeOptions: {args: [--remote-allow-origins=*], extensions: []}}]}]
at org.openqa.selenium.remote.ProtocolHandshake.createSession(ProtocolHandshake.java:140)
at org.openqa.selenium.remote.ProtocolHandshake.createSession(ProtocolHandshake.java:96)
at org.openqa.selenium.remote.ProtocolHandshake.createSession(ProtocolHandshake.java:68)
at org.openqa.selenium.remote.HttpCommandExecutor.execute(HttpCommandExecutor.java:163)
at org.openqa.selenium.remote.service.DriverCommandExecutor.invokeExecute(DriverCommandExecutor.java:196)
at org.openqa.selenium.remote.service.DriverCommandExecutor.execute(DriverCommandExecutor.java:171)
at org.openqa.selenium.remote.RemoteWebDriver.execute(RemoteWebDriver.java:531)
at org.openqa.selenium.remote.RemoteWebDriver.startSession(RemoteWebDriver.java:227)
at org.openqa.selenium.remote.RemoteWebDriver.<init>(RemoteWebDriver.java:154)
at org.openqa.selenium.chromium.ChromiumDriver.<init>(ChromiumDriver.java:107)
at org.openqa.selenium.edge.EdgeDriver.<init>(EdgeDriver.java:59)
at org.openqa.selenium.edge.EdgeDriver.<init>(EdgeDriver.java:55)
at org.openqa.selenium.edge.EdgeDriver.<init>(EdgeDriver.java:47)
at com.tutorialsninja.qa.conftest.conftest.setup(conftest.java:62)
at com.tutorialsninja.qa.testCases.TestLogin.initilization(TestLogin.java:32)
at java.base/jdk.internal.reflect.NativeMethodAccessorImpl.invoke0(Native Method)
at java.base/jdk.internal.reflect.NativeMethodAccessorImpl.invoke(NativeMethodAccessorImpl.java:77)
at java.base/jdk.internal.reflect.DelegatingMethodAccessorImpl.invoke(DelegatingMethodAccessorImpl.java:43)
at java.base/java.lang.reflect.Method.invoke(Method.java:568)
at org.testng.internal.invokers.MethodInvocationHelper.invokeMethod(MethodInvocationHelper.java:139)
at org.testng.internal.invokers.MethodInvocationHelper.invokeMethodConsideringTimeout(MethodInvocationHelper.java:69)
at org.testng.internal.invokers.ConfigInvoker.invokeConfigurationMethod(ConfigInvoker.java:361)
at org.testng.internal.invokers.ConfigInvoker.invokeConfigurations(ConfigInvoker.java:296)
at org.testng.internal.invokers.TestInvoker.runConfigMethods(TestInvoker.java:816)
at org.testng.internal.invokers.TestInvoker.invokeMethod(TestInvoker.java:590)
at org.testng.internal.invokers.TestInvoker.invokeTestMethod(TestInvoker.java:221)
at org.testng.internal.invokers.MethodRunner.runInSequence(MethodRunner.java:50)
at org.testng.internal.invokers.TestInvoker$MethodInvocationAgent.invoke(TestInvoker.java:962)
at org.testng.internal.invokers.TestInvoker.invokeTestMethods(TestInvoker.java:194)
at org.testng.internal.invokers.TestMethodWorker.invokeTestMethods(TestMethodWorker.java:148)
at org.testng.internal.invokers.TestMethodWorker.run(TestMethodWorker.java:128)
at java.base/java.util.ArrayList.forEach(ArrayList.java:1511)
at org.testng.TestRunner.privateRun(TestRunner.java:806)
at org.testng.TestRunner.run(TestRunner.java:601)
at org.testng.SuiteRunner.runTest(SuiteRunner.java:433)
at org.testng.SuiteRunner.runSequentially(SuiteRunner.java:427)
at org.testng.SuiteRunner.privateRun(SuiteRunner.java:387)
at org.testng.SuiteRunner.run(SuiteRunner.java:330)
at org.testng.SuiteRunnerWorker.runSuite(SuiteRunnerWorker.java:52)
at org.testng.SuiteRunnerWorker.run(SuiteRunnerWorker.java:95)
at org.testng.TestNG.runSuitesSequentially(TestNG.java:1256)
at org.testng.TestNG.runSuitesLocally(TestNG.java:1176)
at org.testng.TestNG.runSuites(TestNG.java:1099)
at org.testng.TestNG.run(TestNG.java:1067)
at org.testng.remote.AbstractRemoteTestNG.run(AbstractRemoteTestNG.java:115)
at org.testng.remote.RemoteTestNG.initAndRun(RemoteTestNG.java:251)
at org.testng.remote.RemoteTestNG.main(RemoteTestNG.java:77)
]]>
    </error>
  </testcase> <!-- initilization -->
  <system-out/>
  <testcase classname="com.tutorialsninja.qa.testCases.TestLogin" name="tearDown" time="6.570">
    <error message="invalid session id
Build info: version: &#039;4.10.0&#039;, revision: &#039;c14d967899&#039;
System info: os.name: &#039;Windows 10&#039;, os.arch: &#039;amd64&#039;, os.version: &#039;10.0&#039;, java.version: &#039;17.0.5&#039;
Driver info: org.openqa.selenium.edge.EdgeDriver
Command: [dcbc5491318a0aba098ef8693de30a9d, close {}]
Capabilities {acceptInsecureCerts: false, browserName: msedge, browserVersion: 115.0.1901.188, ms:edgeOptions: {debuggerAddress: localhost:54963}, msedge: {msedgedriverVersion: 115.0.1901.188 (b51b39339c4..., userDataDir: C:\Users\Zuber\AppData\Loca...}, networkConnectionEnabled: false, pageLoadStrategy: normal, platformName: windows, proxy: Proxy(), se:cdp: ws://localhost:54963/devtoo..., se:cdpVersion: 115.0.1901.188, setWindowRect: true, strictFileInteractability: false, timeouts: {implicit: 0, pageLoad: 300000, script: 30000}, unhandledPromptBehavior: dismiss and notify, webauthn:extension:credBlob: true, webauthn:extension:largeBlob: true, webauthn:extension:minPinLength: true, webauthn:extension:prf: true, webauthn:virtualAuthenticators: true}
Session ID: dcbc5491318a0aba098ef8693de30a9d" type="org.openqa.selenium.NoSuchSessionException">
      <![CDATA[org.openqa.selenium.NoSuchSessionException: invalid session id
Build info: version: '4.10.0', revision: 'c14d967899'
System info: os.name: 'Windows 10', os.arch: 'amd64', os.version: '10.0', java.version: '17.0.5'
Driver info: org.openqa.selenium.edge.EdgeDriver
Command: [dcbc5491318a0aba098ef8693de30a9d, close {}]
Capabilities {acceptInsecureCerts: false, browserName: msedge, browserVersion: 115.0.1901.188, ms:edgeOptions: {debuggerAddress: localhost:54963}, msedge: {msedgedriverVersion: 115.0.1901.188 (b51b39339c4..., userDataDir: C:\Users\Zuber\AppData\Loca...}, networkConnectionEnabled: false, pageLoadStrategy: normal, platformName: windows, proxy: Proxy(), se:cdp: ws://localhost:54963/devtoo..., se:cdpVersion: 115.0.1901.188, setWindowRect: true, strictFileInteractability: false, timeouts: {implicit: 0, pageLoad: 300000, script: 30000}, unhandledPromptBehavior: dismiss and notify, webauthn:extension:credBlob: true, webauthn:extension:largeBlob: true, webauthn:extension:minPinLength: true, webauthn:extension:prf: true, webauthn:virtualAuthenticators: true}
Session ID: dcbc5491318a0aba098ef8693de30a9d
at java.base/jdk.internal.reflect.NativeConstructorAccessorImpl.newInstance0(Native Method)
at java.base/jdk.internal.reflect.NativeConstructorAccessorImpl.newInstance(NativeConstructorAccessorImpl.java:77)
at java.base/jdk.internal.reflect.DelegatingConstructorAccessorImpl.newInstance(DelegatingConstructorAccessorImpl.java:45)
at java.base/java.lang.reflect.Constructor.newInstanceWithCaller(Constructor.java:499)
at java.base/java.lang.reflect.Constructor.newInstance(Constructor.java:480)
at org.openqa.selenium.remote.codec.w3c.W3CHttpResponseCodec.createException(W3CHttpResponseCodec.java:199)
at org.openqa.selenium.remote.codec.w3c.W3CHttpResponseCodec.decode(W3CHttpResponseCodec.java:132)
at org.openqa.selenium.remote.codec.w3c.W3CHttpResponseCodec.decode(W3CHttpResponseCodec.java:51)
at org.openqa.selenium.remote.HttpCommandExecutor.execute(HttpCommandExecutor.java:191)
at org.openqa.selenium.remote.service.DriverCommandExecutor.invokeExecute(DriverCommandExecutor.java:196)
at org.openqa.selenium.remote.service.DriverCommandExecutor.execute(DriverCommandExecutor.java:171)
at org.openqa.selenium.remote.RemoteWebDriver.execute(RemoteWebDriver.java:531)
at org.openqa.selenium.remote.RemoteWebDriver.execute(RemoteWebDriver.java:590)
at org.openqa.selenium.remote.RemoteWebDriver.execute(RemoteWebDriver.java:594)
at org.openqa.selenium.remote.RemoteWebDriver.close(RemoteWebDriver.java:418)
at com.tutorialsninja.qa.testCases.TestLogin.tearDown(TestLogin.java:38)
at java.base/jdk.internal.reflect.NativeMethodAccessorImpl.invoke0(Native Method)
at java.base/jdk.internal.reflect.NativeMethodAccessorImpl.invoke(NativeMethodAccessorImpl.java:77)
at java.base/jdk.internal.reflect.DelegatingMethodAccessorImpl.invoke(DelegatingMethodAccessorImpl.java:43)
at java.base/java.lang.reflect.Method.invoke(Method.java:568)
at org.testng.internal.invokers.MethodInvocationHelper.invokeMethod(MethodInvocationHelper.java:139)
at org.testng.internal.invokers.MethodInvocationHelper.invokeMethodConsideringTimeout(MethodInvocationHelper.java:69)
at org.testng.internal.invokers.ConfigInvoker.invokeConfigurationMethod(ConfigInvoker.java:361)
at org.testng.internal.invokers.ConfigInvoker.invokeConfigurations(ConfigInvoker.java:296)
at org.testng.internal.invokers.TestInvoker.runConfigMethods(TestInvoker.java:816)
at org.testng.internal.invokers.TestInvoker.runAfterConfigurations(TestInvoker.java:785)
at org.testng.internal.invokers.TestInvoker.invokeMethod(TestInvoker.java:613)
at org.testng.internal.invokers.TestInvoker.invokeTestMethod(TestInvoker.java:221)
at org.testng.internal.invokers.MethodRunner.runInSequence(MethodRunner.java:50)
at org.testng.internal.invokers.TestInvoker$MethodInvocationAgent.invoke(TestInvoker.java:962)
at org.testng.internal.invokers.TestInvoker.invokeTestMethods(TestInvoker.java:194)
at org.testng.internal.invokers.TestMethodWorker.invokeTestMethods(TestMethodWorker.java:148)
at org.testng.internal.invokers.TestMethodWorker.run(TestMethodWorker.java:128)
at java.base/java.util.ArrayList.forEach(ArrayList.java:1511)
at org.testng.TestRunner.privateRun(TestRunner.java:806)
at org.testng.TestRunner.run(TestRunner.java:601)
at org.testng.SuiteRunner.runTest(SuiteRunner.java:433)
at org.testng.SuiteRunner.runSequentially(SuiteRunner.java:427)
at org.testng.SuiteRunner.privateRun(SuiteRunner.java:387)
at org.testng.SuiteRunner.run(SuiteRunner.java:330)
at org.testng.SuiteRunnerWorker.runSuite(SuiteRunnerWorker.java:52)
at org.testng.SuiteRunnerWorker.run(SuiteRunnerWorker.java:95)
at org.testng.TestNG.runSuitesSequentially(TestNG.java:1256)
at org.testng.TestNG.runSuitesLocally(TestNG.java:1176)
at org.testng.TestNG.runSuites(TestNG.java:1099)
at org.testng.TestNG.run(TestNG.java:1067)
at org.testng.remote.AbstractRemoteTestNG.run(AbstractRemoteTestNG.java:115)
at org.testng.remote.RemoteTestNG.initAndRun(RemoteTestNG.java:251)
at org.testng.remote.RemoteTestNG.main(RemoteTestNG.java:77)
]]>
    </error>
  </testcase> <!-- tearDown -->
  <system-out/>
  <testcase classname="com.tutorialsninja.qa.testCases.TestLogin" name="verifyLoginToApplicationWithValidCredential" time="9.671"/>
  <system-out/>
  <testcase classname="com.tutorialsninja.qa.testCases.TestLogin" name="verifyLoginToApplicationWithInvalidCredential" time="8.424"/>
  <system-out/>
  <testcase classname="com.tutorialsninja.qa.testCases.TestLogin" name="verifyLoginToApplicationWithValidPasswordAndInvalidUserName" time="8.735"/>
  <system-out/>
  <testcase classname="com.tutorialsninja.qa.testCases.TestLogin" name="verifyLoginToApplicationWithValidUserNameInvalidPassword" time="7.827"/>
  <system-out/>
  <testcase classname="com.tutorialsninja.qa.testCases.TestLogin" name="verifyLoginToApplicationWithoutProvidingAnyCredentials" time="9.600"/>
  <system-out/>
  <testcase classname="com.tutorialsninja.qa.testCases.TestLogin" name="verifyLoginToApplicationCheckForgettenPasswordLinkIsPresnetAndClickable" time="7.628"/>
  <system-out/>
  <testcase classname="com.tutorialsninja.qa.testCases.TestLogin" name="verifyLoginToApplicationWithValidCredentialBrowsingBackUsingBrowserBackButton" time="7.795"/>
  <system-out/>
  <testcase classname="com.tutorialsninja.qa.testCases.TestLogin" name="verifyLoginToApplicationaLoginAfterThatLogoutAndBrowserBackUsingBrowserButtton" time="8.375">
    <failure message="expected [Account Logout] but found [My Account]" type="java.lang.AssertionError">
      <![CDATA[java.lang.AssertionError: expected [Account Logout] but found [My Account]
at org.testng.Assert.fail(Assert.java:110)
at org.testng.Assert.failNotEquals(Assert.java:1413)
at org.testng.Assert.assertEqualsImpl(Assert.java:149)
at org.testng.Assert.assertEquals(Assert.java:131)
at org.testng.Assert.assertEquals(Assert.java:655)
at org.testng.Assert.assertEquals(Assert.java:665)
at com.tutorialsninja.qa.testCases.TestLogin.verifyLoginToApplicationaLoginAfterThatLogoutAndBrowserBackUsingBrowserButtton(TestLogin.java:136)
at java.base/jdk.internal.reflect.NativeMethodAccessorImpl.invoke0(Native Method)
at java.base/jdk.internal.reflect.NativeMethodAccessorImpl.invoke(NativeMethodAccessorImpl.java:77)
at java.base/jdk.internal.reflect.DelegatingMethodAccessorImpl.invoke(DelegatingMethodAccessorImpl.java:43)
at java.base/java.lang.reflect.Method.invoke(Method.java:568)
at org.testng.internal.invokers.MethodInvocationHelper.invokeMethod(MethodInvocationHelper.java:139)
at org.testng.internal.invokers.TestInvoker.invokeMethod(TestInvoker.java:677)
at org.testng.internal.invokers.TestInvoker.invokeTestMethod(TestInvoker.java:221)
at org.testng.internal.invokers.MethodRunner.runInSequence(MethodRunner.java:50)
at org.testng.internal.invokers.TestInvoker$MethodInvocationAgent.invoke(TestInvoker.java:962)
at org.testng.internal.invokers.TestInvoker.invokeTestMethods(TestInvoker.java:194)
at org.testng.internal.invokers.TestMethodWorker.invokeTestMethods(TestMethodWorker.java:148)
at org.testng.internal.invokers.TestMethodWorker.run(TestMethodWorker.java:128)
at java.base/java.util.ArrayList.forEach(ArrayList.java:1511)
at org.testng.TestRunner.privateRun(TestRunner.java:806)
at org.testng.TestRunner.run(TestRunner.java:601)
at org.testng.SuiteRunner.runTest(SuiteRunner.java:433)
at org.testng.SuiteRunner.runSequentially(SuiteRunner.java:427)
at org.testng.SuiteRunner.privateRun(SuiteRunner.java:387)
at org.testng.SuiteRunner.run(SuiteRunner.java:330)
at org.testng.SuiteRunnerWorker.runSuite(SuiteRunnerWorker.java:52)
at org.testng.SuiteRunnerWorker.run(SuiteRunnerWorker.java:95)
at org.testng.TestNG.runSuitesSequentially(TestNG.java:1256)
at org.testng.TestNG.runSuitesLocally(TestNG.java:1176)
at org.testng.TestNG.runSuites(TestNG.java:1099)
at org.testng.TestNG.run(TestNG.java:1067)
at org.testng.remote.AbstractRemoteTestNG.run(AbstractRemoteTestNG.java:115)
at org.testng.remote.RemoteTestNG.initAndRun(RemoteTestNG.java:251)
at org.testng.remote.RemoteTestNG.main(RemoteTestNG.java:77)
]]>
    </failure>
  </testcase> <!-- verifyLoginToApplicationaLoginAfterThatLogoutAndBrowserBackUsingBrowserButtton -->
  <system-out/>
  <testcase classname="com.tutorialsninja.qa.testCases.TestLogin" name="verifyLoginToApplicationWithMultipleTimeUnsuccessfulLoginAttempt" time="6.122">
    <skipped/>
  </testcase> <!-- verifyLoginToApplicationWithMultipleTimeUnsuccessfulLoginAttempt -->
  <system-out/>
  <testcase classname="com.tutorialsninja.qa.testCases.TestLogin" name="verifyLoginToApplicationWithMultipleTimeUnsuccessfulLoginAttempt" time="7.411"/>
  <system-out/>
  <testcase classname="com.tutorialsninja.qa.testCases.TestLogin" name="verifyLoginToApplicationWithMultipleTimeUnsuccessfulLoginAttempt" time="9.115"/>
  <system-out/>
  <testcase classname="com.tutorialsninja.qa.testCases.TestLogin" name="verifyLoginToApplicationWithMultipleTimeUnsuccessfulLoginAttempt" time="7.786"/>
  <system-out/>
  <testcase classname="com.tutorialsninja.qa.testCases.TestLogin" name="verifyLoginToApplicationWithMultipleTimeUnsuccessfulLoginAttempt" time="8.034"/>
  <system-out/>
  <testcase classname="com.tutorialsninja.qa.testCases.TestLogin" name="verifyLoginToApplicationWithMultipleTimeUnsuccessfulLoginAttempt" time="12.158">
    <skipped/>
  </testcase> <!-- verifyLoginToApplicationWithMultipleTimeUnsuccessfulLoginAttempt -->
  <system-out/>
  <testcase classname="com.tutorialsninja.qa.testCases.TestLogin" name="verifyLoginToApplicationWithMultipleTimeUnsuccessfulLoginAttempt" time="14.687"/>
  <system-out/>
  <testcase classname="com.tutorialsninja.qa.testCases.TestLogin" name="verifyLoginToApplicationWithMultipleTimeUnsuccessfulLoginAttempt" time="8.217"/>
  <system-out/>
  <testcase classname="com.tutorialsninja.qa.testCases.TestLogin" name="verifyLoginToApplicationWithMultipleTimeUnsuccessfulLoginAttempt" time="8.409">
    <skipped/>
  </testcase> <!-- verifyLoginToApplicationWithMultipleTimeUnsuccessfulLoginAttempt -->
  <system-out/>
  <testcase classname="com.tutorialsninja.qa.testCases.TestLogin" name="verifyLoginToApplicationWithMultipleTimeUnsuccessfulLoginAttempt" time="7.738"/>
  <system-out/>
  <testcase classname="com.tutorialsninja.qa.testCases.TestLogin" name="verifyLoginToApplicationByCopyingPasswordFiledText" time="6.029">
    <skipped/>
  </testcase> <!-- verifyLoginToApplicationByCopyingPasswordFiledText -->
  <system-out/>
  <testcase classname="com.tutorialsninja.qa.testCases.TestLogin" name="verifyLoginToApplicationCheckPasswordIsNotVisibleInPageSource" time="0.000">
    <skipped/>
  </testcase> <!-- verifyLoginToApplicationCheckPasswordIsNotVisibleInPageSource -->
  <system-out/>
  <testcase classname="com.tutorialsninja.qa.testCases.TestLogin" name="verifyLoginToApplicationAfterChangingPassword" time="0.000">
    <skipped/>
  </testcase> <!-- verifyLoginToApplicationAfterChangingPassword -->
  <system-out/>
  <testcase classname="com.tutorialsninja.qa.testCases.TestLogin" name="verifyLoginToApplicationCheckUserIsAbleToNavigateToOtherPages" time="0.000">
    <skipped/>
  </testcase> <!-- verifyLoginToApplicationCheckUserIsAbleToNavigateToOtherPages -->
  <system-out/>
  <testcase classname="com.tutorialsninja.qa.testCases.TestLogin" name="verifyLoginToApplicationAfterChangingPasswordAndChangingBackToOriginalPassword" time="0.000">
    <skipped/>
  </testcase> <!-- verifyLoginToApplicationAfterChangingPasswordAndChangingBackToOriginalPassword -->
  <system-out/>
</testsuite> <!-- com.tutorialsninja.qa.testCases.TestLogin -->
