<?xml version="1.0" encoding="UTF-8"?>
<!-- Generated by org.testng.reporters.JUnitReportReporter -->
<testsuite hostname="DESKTOP-9E25G1U" failures="0" tests="6" name="com.tutorialsninja.qa.testCases.TestSearch" time="37.797" errors="0" timestamp="2023-07-12T16:19:19 IST" skipped="0">
  <testcase classname="com.tutorialsninja.qa.testCases.TestSearch" name="verifySearchingWithExistingProductName" time="6.097"/>
  <system-out/>
  <testcase classname="com.tutorialsninja.qa.testCases.TestSearch" name="verifySearchingWithNonExistingProductName" time="6.063"/>
  <system-out/>
  <testcase classname="com.tutorialsninja.qa.testCases.TestSearch" name="verifySearchingWithotProvidingAnyProductName" time="5.958"/>
  <system-out/>
  <testcase classname="com.tutorialsninja.qa.testCases.TestSearch" name="verifySearchingForProductAfterLoginToApplication" time="7.328"/>
  <system-out/>
  <testcase classname="com.tutorialsninja.qa.testCases.TestSearch" name="verifySearchingWithSearchingCriteria" time="6.326"/>
  <system-out/>
  <testcase classname="com.tutorialsninja.qa.testCases.TestSearch" name="verifySearchingUsingTextFromProductDescription" time="6.025"/>
  <system-out/>
</testsuite> <!-- com.tutorialsninja.qa.testCases.TestSearch -->
