<?xml version="1.0" encoding="UTF-8"?>
<!-- Generated by org.testng.reporters.JUnitReportReporter -->
<testsuite hostname="DESKTOP-9DH3JAO" failures="0" tests="1" name="com.tutorialsninja.qa.testCases.TestSearch" time="16.390" errors="0" timestamp="2023-07-08T15:06:23 IST" skipped="0">
  <testcase classname="com.tutorialsninja.qa.testCases.TestSearch" name="verifySearchingUsingTextFromProductDescription" time="16.390"/>
  <system-out/>
</testsuite> <!-- com.tutorialsninja.qa.testCases.TestSearch -->
