<?xml version="1.0" encoding="UTF-8"?>
<!-- Generated by org.testng.reporters.JUnitReportReporter -->
<testsuite hostname="DESKTOP-9E25G1U" failures="0" tests="9" name="com.tutorialsninja.qa.testCases.TestSearch" time="79.729" errors="0" timestamp="2023-08-02T17:06:42 IST" skipped="0">
  <testcase classname="com.tutorialsninja.qa.testCases.TestSearch" name="verifySearchingWithExistingProductName" time="6.418"/>
  <system-out/>
  <testcase classname="com.tutorialsninja.qa.testCases.TestSearch" name="verifySearchingWithNonExistingProductName" time="12.576"/>
  <system-out/>
  <testcase classname="com.tutorialsninja.qa.testCases.TestSearch" name="verifySearchingWithotProvidingAnyProductName" time="6.468"/>
  <system-out/>
  <testcase classname="com.tutorialsninja.qa.testCases.TestSearch" name="verifySearchingForProductAfterLoginToApplication" time="8.217"/>
  <system-out/>
  <testcase classname="com.tutorialsninja.qa.testCases.TestSearch" name="verifySearchingWithSearchingCriteria" time="6.690"/>
  <system-out/>
  <testcase classname="com.tutorialsninja.qa.testCases.TestSearch" name="verifySearchingUsingTextFromProductDescription" time="13.079"/>
  <system-out/>
  <testcase classname="com.tutorialsninja.qa.testCases.TestSearch" name="verifySearchingBySelectingCategoryOfProduct" time="8.464"/>
  <system-out/>
  <testcase classname="com.tutorialsninja.qa.testCases.TestSearch" name="verifySearchingBySelectingSearchInSubcategories" time="7.029"/>
  <system-out/>
  <testcase classname="com.tutorialsninja.qa.testCases.TestSearch" name="verifySearchingViewListAndGridWhenOnePrdouctDisplayed" time="10.788"/>
  <system-out/>
</testsuite> <!-- com.tutorialsninja.qa.testCases.TestSearch -->
