<?xml version="1.0" encoding="UTF-8"?>
<!-- Generated by org.testng.reporters.JUnitReportReporter -->
<testsuite hostname="DESKTOP-9E25G1U" failures="0" tests="1" name="com.tutorialsninja.qa.testCases.TestAddToCart" time="95.114" errors="0" timestamp="2023-08-09T19:43:58 IST" skipped="0">
  <testcase classname="com.tutorialsninja.qa.testCases.TestAddToCart" name="verifyAddToCartByAddingProductToCartFromProductDisplayPage" time="95.114"/>
  <system-out/>
</testsuite> <!-- com.tutorialsninja.qa.testCases.TestAddToCart -->
