<?xml version="1.0" encoding="UTF-8"?>
<!-- Generated by org.testng.reporters.JUnitReportReporter -->
<testsuite hostname="DESKTOP-9E25G1U" failures="0" tests="9" name="com.tutorialsninja.qa.testCases.TestSearch" time="72.951" errors="0" timestamp="2023-08-09T15:37:22 IST" skipped="0">
  <testcase classname="com.tutorialsninja.qa.testCases.TestSearch" name="verifySearchingWithExistingProductName" time="7.800"/>
  <system-out/>
  <testcase classname="com.tutorialsninja.qa.testCases.TestSearch" name="verifySearchingWithNonExistingProductName" time="7.446"/>
  <system-out/>
  <testcase classname="com.tutorialsninja.qa.testCases.TestSearch" name="verifySearchingWithotProvidingAnyProductName" time="6.554"/>
  <system-out/>
  <testcase classname="com.tutorialsninja.qa.testCases.TestSearch" name="verifySearchingForProductAfterLoginToApplication" time="8.104"/>
  <system-out/>
  <testcase classname="com.tutorialsninja.qa.testCases.TestSearch" name="verifySearchingWithSearchingCriteria" time="7.444"/>
  <system-out/>
  <testcase classname="com.tutorialsninja.qa.testCases.TestSearch" name="verifySearchingUsingTextFromProductDescription" time="8.000"/>
  <system-out/>
  <testcase classname="com.tutorialsninja.qa.testCases.TestSearch" name="verifySearchingBySelectingCategoryOfProduct" time="8.232"/>
  <system-out/>
  <testcase classname="com.tutorialsninja.qa.testCases.TestSearch" name="verifySearchingBySelectingSearchInSubcategories" time="8.434"/>
  <system-out/>
  <testcase classname="com.tutorialsninja.qa.testCases.TestSearch" name="verifySearchingViewListAndGridWhenOnePrdouctDisplayed" time="10.937"/>
  <system-out/>
</testsuite> <!-- com.tutorialsninja.qa.testCases.TestSearch -->
